<?xml version="1.0" encoding="UTF-8"?>
<coverage generated="1777951576042" clover="3.2.0">
  <project timestamp="1777951576042" name="All files">
    <metrics statements="14" coveredstatements="14" conditionals="13" coveredconditionals="13" methods="2" coveredmethods="2" elements="29" coveredelements="29" complexity="0" loc="14" ncloc="14" packages="1" files="1" classes="1"/>
    <file name="errorHandler.js" path="C:\Users\vu.nguyenhoang\VERA\reva-system\backend\src\middleware\errorHandler.js">
      <metrics statements="14" coveredstatements="14" conditionals="13" coveredconditionals="13" methods="2" coveredmethods="2"/>
      <line num="1" count="1" type="stmt"/>
      <line num="6" count="1" type="stmt"/>
      <line num="7" count="4" type="cond" truecount="2" falsecount="0"/>
      <line num="10" count="4" type="cond" truecount="2" falsecount="0"/>
      <line num="11" count="4" type="cond" truecount="2" falsecount="0"/>
      <line num="12" count="3" type="stmt"/>
      <line num="19" count="1" type="stmt"/>
      <line num="27" count="4" type="cond" truecount="2" falsecount="0"/>
      <line num="29" count="4" type="stmt"/>
      <line num="39" count="1" type="cond" truecount="1" falsecount="0"/>
      <line num="40" count="2" type="stmt"/>
      <line num="41" count="2" type="stmt"/>
      <line num="42" count="2" type="stmt"/>
      <line num="45" count="1" type="stmt"/>
    </file>
  </project>
</coverage>
