{"C:\\Users\\vu.nguyenhoang\\VERA\\reva-system\\backend\\src\\middleware\\errorHandler.js": {"path":"C:\\Users\\vu.nguyenhoang\\VERA\\reva-system\\backend\\src\\middleware\\errorHandler.js","statementMap":{"0":{"start":{"line":1,"column":15},"end":{"line":1,"column":42}},"1":{"start":{"line":6,"column":21},"end":{"line":34,"column":1}},"2":{"start":{"line":7,"column":21},"end":{"line":7,"column":42}},"3":{"start":{"line":10,"column":14},"end":{"line":10,"column":31}},"4":{"start":{"line":11,"column":2},"end":{"line":25,"column":3}},"5":{"start":{"line":12,"column":4},"end":{"line":17,"column":32}},"6":{"start":{"line":19,"column":4},"end":{"line":24,"column":23}},"7":{"start":{"line":27,"column":18},"end":{"line":27,"column":73}},"8":{"start":{"line":29,"column":2},"end":{"line":33,"column":4}},"9":{"start":{"line":39,"column":20},"end":{"line":43,"column":1}},"10":{"start":{"line":40,"column":14},"end":{"line":40,"column":32}},"11":{"start":{"line":41,"column":2},"end":{"line":41,"column":30}},"12":{"start":{"line":42,"column":2},"end":{"line":42,"column":13}},"13":{"start":{"line":45,"column":0},"end":{"line":45,"column":47}}},"fnMap":{"0":{"name":"(anonymous_0)","decl":{"start":{"line":6,"column":21},"end":{"line":6,"column":22}},"loc":{"start":{"line":6,"column":47},"end":{"line":34,"column":1}},"line":6},"1":{"name":"(anonymous_1)","decl":{"start":{"line":39,"column":20},"end":{"line":39,"column":21}},"loc":{"start":{"line":39,"column":51},"end":{"line":43,"column":1}},"line":39}},"branchMap":{"0":{"loc":{"start":{"line":7,"column":21},"end":{"line":7,"column":42}},"type":"binary-expr","locations":[{"start":{"line":7,"column":21},"end":{"line":7,"column":35}},{"start":{"line":7,"column":39},"end":{"line":7,"column":42}}],"line":7},"1":{"loc":{"start":{"line":10,"column":14},"end":{"line":10,"column":31}},"type":"binary-expr","locations":[{"start":{"line":10,"column":14},"end":{"line":10,"column":21}},{"start":{"line":10,"column":25},"end":{"line":10,"column":31}}],"line":10},"2":{"loc":{"start":{"line":11,"column":2},"end":{"line":25,"column":3}},"type":"if","locations":[{"start":{"line":11,"column":2},"end":{"line":25,"column":3}},{"start":{"line":18,"column":9},"end":{"line":25,"column":3}}],"line":11},"3":{"loc":{"start":{"line":16,"column":14},"end":{"line":16,"column":34}},"type":"binary-expr","locations":[{"start":{"line":16,"column":14},"end":{"line":16,"column":26}},{"start":{"line":16,"column":30},"end":{"line":16,"column":34}}],"line":16},"4":{"loc":{"start":{"line":27,"column":18},"end":{"line":27,"column":73}},"type":"cond-expr","locations":[{"start":{"line":27,"column":39},"end":{"line":27,"column":59}},{"start":{"line":27,"column":62},"end":{"line":27,"column":73}}],"line":27},"5":{"loc":{"start":{"line":32,"column":8},"end":{"line":32,"column":70}},"type":"binary-expr","locations":[{"start":{"line":32,"column":8},"end":{"line":32,"column":46}},{"start":{"line":32,"column":50},"end":{"line":32,"column":70}}],"line":32},"6":{"loc":{"start":{"line":39,"column":30},"end":{"line":39,"column":46}},"type":"default-arg","locations":[{"start":{"line":39,"column":43},"end":{"line":39,"column":46}}],"line":39}},"s":{"0":1,"1":1,"2":4,"3":4,"4":4,"5":3,"6":1,"7":4,"8":4,"9":1,"10":2,"11":2,"12":2,"13":1},"f":{"0":4,"1":2},"b":{"0":[4,1],"1":[4,1],"2":[3,1],"3":[3,2],"4":[3,1],"5":[4,1],"6":[1]},"_coverageSchema":"1a1c01bbd47fc00a2c39e90264f33305004495a9","hash":"18f01d9e4c5b93bf7e60b36245e2619b744df8d3"}
}
